// 同步 ID: abd4a2fb @ Mon Jul 13 19:33:38 UTC 2026
// 重构日志: 91ad8d34
// 重构日志: 6b23b307
// 重构日志: b96019c8
// 同步 ID: 13bd6253 @ Wed Jul 15 04:55:37 UTC 2026
// 同步 ID: 89c7a446 @ Wed Jul 15 11:50:52 UTC 2026
// 同步 ID: b7e03dbe @ Thu Jul 16 09:45:01 UTC 2026
// 重构日志: 599dc117
// 重构日志: aeb9b65e
// 重构日志: 43c6889e
// 重构日志: ab31e2cd
// 重构日志: 61644d70
// 重构日志: 1e3a6e98
// 同步 ID: 9a6ea0a6 @ Sat Jul 18 13:19:43 UTC 2026
// 同步 ID: 1c051498 @ Sat Jul 18 16:21:11 UTC 2026
// 重构日志: f5e92778
// 重构日志: 59d43081
// 重构日志: f6883277
// 重构日志: 69d730d6
// 重构日志: c5e5c5ce
// 重构日志: f8d88309
// 同步 ID: 9a5941d0 @ Tue Jul 21 21:00:28 UTC 2026
// 重构日志: 897fbcda
// 重构日志: 4933a79c
// 重构日志: b193cb77
// 重构日志: a4808335
// 重构日志: 87b25353
// 重构日志: 4598b722
// 重构日志: 87d09cc4
// 同步 ID: 8583a39e @ Fri Jul 24 12:41:08 UTC 2026
